<?xml version="1.0" encoding="UTF-8"?>
<coverage generated="1762956692732" clover="3.2.0">
  <project timestamp="1762956692733" name="All files">
    <metrics statements="7" coveredstatements="7" conditionals="10" coveredconditionals="10" methods="4" coveredmethods="4" elements="21" coveredelements="21" complexity="0" loc="7" ncloc="7" packages="3" files="6" classes="6"/>
    <package name="assets">
      <metrics statements="0" coveredstatements="0" conditionals="0" coveredconditionals="0" methods="0" coveredmethods="0"/>
      <file name="banner_about.png" path="C:\Users\Silliuce\Documents\Formation\Projets\Projet.8 Créez une application web de location immobilière avec React\projet.8\src\assets\banner_about.png">
        <metrics statements="0" coveredstatements="0" conditionals="0" coveredconditionals="0" methods="0" coveredmethods="0"/>
      </file>
      <file name="collapse.svg" path="C:\Users\Silliuce\Documents\Formation\Projets\Projet.8 Créez une application web de location immobilière avec React\projet.8\src\assets\collapse.svg">
        <metrics statements="0" coveredstatements="0" conditionals="0" coveredconditionals="0" methods="0" coveredmethods="0"/>
      </file>
    </package>
    <package name="components.banner">
      <metrics statements="1" coveredstatements="1" conditionals="2" coveredconditionals="2" methods="1" coveredmethods="1"/>
      <file name="banner.css" path="C:\Users\Silliuce\Documents\Formation\Projets\Projet.8 Créez une application web de location immobilière avec React\projet.8\src\components\banner\banner.css">
        <metrics statements="0" coveredstatements="0" conditionals="0" coveredconditionals="0" methods="0" coveredmethods="0"/>
      </file>
      <file name="banner.jsx" path="C:\Users\Silliuce\Documents\Formation\Projets\Projet.8 Créez une application web de location immobilière avec React\projet.8\src\components\banner\banner.jsx">
        <metrics statements="1" coveredstatements="1" conditionals="2" coveredconditionals="2" methods="1" coveredmethods="1"/>
        <line num="4" count="3" type="stmt"/>
      </file>
    </package>
    <package name="components.collapse">
      <metrics statements="6" coveredstatements="6" conditionals="8" coveredconditionals="8" methods="3" coveredmethods="3"/>
      <file name="collapse.css" path="C:\Users\Silliuce\Documents\Formation\Projets\Projet.8 Créez une application web de location immobilière avec React\projet.8\src\components\collapse\collapse.css">
        <metrics statements="0" coveredstatements="0" conditionals="0" coveredconditionals="0" methods="0" coveredmethods="0"/>
      </file>
      <file name="collapse.jsx" path="C:\Users\Silliuce\Documents\Formation\Projets\Projet.8 Créez une application web de location immobilière avec React\projet.8\src\components\collapse\collapse.jsx">
        <metrics statements="6" coveredstatements="6" conditionals="8" coveredconditionals="8" methods="3" coveredmethods="3"/>
        <line num="5" count="1" type="stmt"/>
        <line num="6" count="15" type="stmt"/>
        <line num="8" count="15" type="stmt"/>
        <line num="9" count="9" type="stmt"/>
        <line num="12" count="15" type="stmt"/>
        <line num="32" count="4" type="stmt"/>
      </file>
    </package>
  </project>
</coverage>
