{"C:\\Users\\Silliuce\\Documents\\Formation\\Projets\\Projet.8 Créez une application web de location immobilière avec React\\projet.8\\src\\assets\\banner_about.png": {"path":"C:\\Users\\Silliuce\\Documents\\Formation\\Projets\\Projet.8 Créez une application web de location immobilière avec React\\projet.8\\src\\assets\\banner_about.png","statementMap":{},"fnMap":{},"branchMap":{},"s":{},"f":{},"b":{},"meta":{"lastBranch":0,"lastFunction":0,"lastStatement":0,"seen":{}}}
,"C:\\Users\\Silliuce\\Documents\\Formation\\Projets\\Projet.8 Créez une application web de location immobilière avec React\\projet.8\\src\\assets\\collapse.svg": {"path":"C:\\Users\\Silliuce\\Documents\\Formation\\Projets\\Projet.8 Créez une application web de location immobilière avec React\\projet.8\\src\\assets\\collapse.svg","statementMap":{},"fnMap":{},"branchMap":{},"s":{},"f":{},"b":{},"meta":{"lastBranch":0,"lastFunction":0,"lastStatement":0,"seen":{}}}
,"C:\\Users\\Silliuce\\Documents\\Formation\\Projets\\Projet.8 Créez une application web de location immobilière avec React\\projet.8\\src\\components\\banner\\banner.css": {"path":"C:\\Users\\Silliuce\\Documents\\Formation\\Projets\\Projet.8 Créez une application web de location immobilière avec React\\projet.8\\src\\components\\banner\\banner.css","statementMap":{},"fnMap":{},"branchMap":{},"s":{},"f":{},"b":{},"meta":{"lastBranch":0,"lastFunction":0,"lastStatement":0,"seen":{}}}
,"C:\\Users\\Silliuce\\Documents\\Formation\\Projets\\Projet.8 Créez une application web de location immobilière avec React\\projet.8\\src\\components\\banner\\banner.jsx": {"path":"C:\\Users\\Silliuce\\Documents\\Formation\\Projets\\Projet.8 Créez une application web de location immobilière avec React\\projet.8\\src\\components\\banner\\banner.jsx","statementMap":{"0":{"start":{"line":4,"column":2},"end":{"line":10,"column":null}}},"fnMap":{"0":{"name":"Banner","decl":{"start":{"line":3,"column":24},"end":{"line":3,"column":31}},"loc":{"start":{"line":3,"column":54},"end":{"line":12,"column":null}},"line":3}},"branchMap":{"0":{"loc":{"start":{"line":8,"column":9},"end":{"line":8,"column":null}},"type":"binary-expr","locations":[{"start":{"line":8,"column":9},"end":{"line":8,"column":19}},{"start":{"line":8,"column":19},"end":{"line":8,"column":null}}],"line":8}},"s":{"0":3},"f":{"0":3},"b":{"0":[3,1]},"meta":{"lastBranch":1,"lastFunction":1,"lastStatement":1,"seen":{"f:3:24:3:31":0,"s:4:2:10:Infinity":0,"b:8:9:8:19:8:19:8:Infinity":0}}}
,"C:\\Users\\Silliuce\\Documents\\Formation\\Projets\\Projet.8 Créez une application web de location immobilière avec React\\projet.8\\src\\components\\collapse\\collapse.css": {"path":"C:\\Users\\Silliuce\\Documents\\Formation\\Projets\\Projet.8 Créez une application web de location immobilière avec React\\projet.8\\src\\components\\collapse\\collapse.css","statementMap":{},"fnMap":{},"branchMap":{},"s":{},"f":{},"b":{},"meta":{"lastBranch":0,"lastFunction":0,"lastStatement":0,"seen":{}}}
,"C:\\Users\\Silliuce\\Documents\\Formation\\Projets\\Projet.8 Créez une application web de location immobilière avec React\\projet.8\\src\\components\\collapse\\collapse.jsx": {"path":"C:\\Users\\Silliuce\\Documents\\Formation\\Projets\\Projet.8 Créez une application web de location immobilière avec React\\projet.8\\src\\components\\collapse\\collapse.jsx","statementMap":{"0":{"start":{"line":5,"column":17},"end":{"line":41,"column":null}},"1":{"start":{"line":6,"column":26},"end":{"line":6,"column":null}},"2":{"start":{"line":8,"column":25},"end":{"line":10,"column":null}},"3":{"start":{"line":9,"column":4},"end":{"line":9,"column":null}},"4":{"start":{"line":12,"column":2},"end":{"line":39,"column":null}},"5":{"start":{"line":32,"column":14},"end":{"line":32,"column":null}}},"fnMap":{"0":{"name":"(anonymous_0)","decl":{"start":{"line":5,"column":17},"end":{"line":5,"column":18}},"loc":{"start":{"line":5,"column":41},"end":{"line":41,"column":null}},"line":5},"1":{"name":"(anonymous_1)","decl":{"start":{"line":8,"column":25},"end":{"line":8,"column":31}},"loc":{"start":{"line":8,"column":31},"end":{"line":10,"column":null}},"line":8},"2":{"name":"(anonymous_2)","decl":{"start":{"line":31,"column":25},"end":{"line":31,"column":26}},"loc":{"start":{"line":32,"column":14},"end":{"line":32,"column":null}},"line":32}},"branchMap":{"0":{"loc":{"start":{"line":19,"column":38},"end":{"line":19,"column":58}},"type":"cond-expr","locations":[{"start":{"line":19,"column":47},"end":{"line":19,"column":56}},{"start":{"line":19,"column":56},"end":{"line":19,"column":58}}],"line":19},"1":{"loc":{"start":{"line":24,"column":39},"end":{"line":24,"column":59}},"type":"cond-expr","locations":[{"start":{"line":24,"column":48},"end":{"line":24,"column":57}},{"start":{"line":24,"column":57},"end":{"line":24,"column":59}}],"line":24},"2":{"loc":{"start":{"line":26,"column":21},"end":{"line":26,"column":null}},"type":"cond-expr","locations":[{"start":{"line":26,"column":30},"end":{"line":26,"column":40}},{"start":{"line":26,"column":40},"end":{"line":26,"column":null}}],"line":26},"3":{"loc":{"start":{"line":29,"column":9},"end":{"line":36,"column":null}},"type":"cond-expr","locations":[{"start":{"line":30,"column":10},"end":{"line":34,"column":null}},{"start":{"line":36,"column":10},"end":{"line":36,"column":null}}],"line":29}},"s":{"0":1,"1":15,"2":15,"3":9,"4":15,"5":4},"f":{"0":15,"1":9,"2":4},"b":{"0":[6,9],"1":[6,9],"2":[6,9],"3":[2,13]},"meta":{"lastBranch":4,"lastFunction":3,"lastStatement":6,"seen":{"s:5:17:41:Infinity":0,"f:5:17:5:18":0,"s:6:26:6:Infinity":1,"s:8:25:10:Infinity":2,"f:8:25:8:31":1,"s:9:4:9:Infinity":3,"s:12:2:39:Infinity":4,"b:19:47:19:56:19:56:19:58":0,"b:24:48:24:57:24:57:24:59":1,"b:26:30:26:40:26:40:26:Infinity":2,"b:30:10:34:Infinity:36:10:36:Infinity":3,"f:31:25:31:26":2,"s:32:14:32:Infinity":5}}}
}
